Analysis & Synthesis report for Robot
Tue Oct 24 23:00:44 2023
Quartus Prime Version 18.1.0 Build 625 09/12/2018 SJ Lite Edition


---------------------
; Table of Contents ;
---------------------
  1. Legal Notice
  2. Analysis & Synthesis Summary
  3. Analysis & Synthesis Settings
  4. Parallel Compilation
  5. Analysis & Synthesis Source Files Read
  6. Analysis & Synthesis Resource Usage Summary
  7. Analysis & Synthesis Resource Utilization by Entity
  8. State Machine - |top_level|uart_rx:uart_rx_u|state
  9. Registers Removed During Synthesis
 10. General Register Statistics
 11. Multiplexer Restructuring Statistics (Restructuring Performed)
 12. Parameter Settings for User Entity Instance: uart_rx:uart_rx_u
 13. Port Connectivity Checks: "uart_rx:uart_rx_u"
 14. Post-Synthesis Netlist Statistics for Top Partition
 15. Elapsed Time Per Partition
 16. Analysis & Synthesis Messages



----------------
; Legal Notice ;
----------------
Copyright (C) 2018  Intel Corporation. All rights reserved.
Your use of Intel Corporation's design tools, logic functions 
and other software and tools, and its AMPP partner logic 
functions, and any output files from any of the foregoing 
(including device programming or simulation files), and any 
associated documentation or information are expressly subject 
to the terms and conditions of the Intel Program License 
Subscription Agreement, the Intel Quartus Prime License Agreement,
the Intel FPGA IP License Agreement, or other applicable license
agreement, including, without limitation, that your use is for
the sole purpose of programming logic devices manufactured by
Intel and sold by Intel or its authorized distributors.  Please
refer to the applicable agreement for further details.



+----------------------------------------------------------------------------------+
; Analysis & Synthesis Summary                                                     ;
+------------------------------------+---------------------------------------------+
; Analysis & Synthesis Status        ; Successful - Tue Oct 24 23:00:44 2023       ;
; Quartus Prime Version              ; 18.1.0 Build 625 09/12/2018 SJ Lite Edition ;
; Revision Name                      ; Robot                                       ;
; Top-level Entity Name              ; top_level                                   ;
; Family                             ; Cyclone IV E                                ;
; Total logic elements               ; 86                                          ;
;     Total combinational functions  ; 77                                          ;
;     Dedicated logic registers      ; 58                                          ;
; Total registers                    ; 58                                          ;
; Total pins                         ; 58                                          ;
; Total virtual pins                 ; 0                                           ;
; Total memory bits                  ; 0                                           ;
; Embedded Multiplier 9-bit elements ; 0                                           ;
; Total PLLs                         ; 0                                           ;
+------------------------------------+---------------------------------------------+


+------------------------------------------------------------------------------------------------------------+
; Analysis & Synthesis Settings                                                                              ;
+------------------------------------------------------------------+--------------------+--------------------+
; Option                                                           ; Setting            ; Default Value      ;
+------------------------------------------------------------------+--------------------+--------------------+
; Device                                                           ; EP4CE115F29C7      ;                    ;
; Top-level entity name                                            ; top_level          ; Robot              ;
; Family name                                                      ; Cyclone IV E       ; Cyclone V          ;
; Use smart compilation                                            ; Off                ; Off                ;
; Enable parallel Assembler and Timing Analyzer during compilation ; On                 ; On                 ;
; Enable compact report table                                      ; Off                ; Off                ;
; Restructure Multiplexers                                         ; Auto               ; Auto               ;
; Create Debugging Nodes for IP Cores                              ; Off                ; Off                ;
; Preserve fewer node names                                        ; On                 ; On                 ;
; Intel FPGA IP Evaluation Mode                                    ; Enable             ; Enable             ;
; Verilog Version                                                  ; Verilog_2001       ; Verilog_2001       ;
; VHDL Version                                                     ; VHDL_1993          ; VHDL_1993          ;
; State Machine Processing                                         ; Auto               ; Auto               ;
; Safe State Machine                                               ; Off                ; Off                ;
; Extract Verilog State Machines                                   ; On                 ; On                 ;
; Extract VHDL State Machines                                      ; On                 ; On                 ;
; Ignore Verilog initial constructs                                ; Off                ; Off                ;
; Iteration limit for constant Verilog loops                       ; 5000               ; 5000               ;
; Iteration limit for non-constant Verilog loops                   ; 250                ; 250                ;
; Add Pass-Through Logic to Inferred RAMs                          ; On                 ; On                 ;
; Infer RAMs from Raw Logic                                        ; On                 ; On                 ;
; Parallel Synthesis                                               ; On                 ; On                 ;
; DSP Block Balancing                                              ; Auto               ; Auto               ;
; NOT Gate Push-Back                                               ; On                 ; On                 ;
; Power-Up Don't Care                                              ; On                 ; On                 ;
; Remove Redundant Logic Cells                                     ; Off                ; Off                ;
; Remove Duplicate Registers                                       ; On                 ; On                 ;
; Ignore CARRY Buffers                                             ; Off                ; Off                ;
; Ignore CASCADE Buffers                                           ; Off                ; Off                ;
; Ignore GLOBAL Buffers                                            ; Off                ; Off                ;
; Ignore ROW GLOBAL Buffers                                        ; Off                ; Off                ;
; Ignore LCELL Buffers                                             ; Off                ; Off                ;
; Ignore SOFT Buffers                                              ; On                 ; On                 ;
; Limit AHDL Integers to 32 Bits                                   ; Off                ; Off                ;
; Optimization Technique                                           ; Balanced           ; Balanced           ;
; Carry Chain Length                                               ; 70                 ; 70                 ;
; Auto Carry Chains                                                ; On                 ; On                 ;
; Auto Open-Drain Pins                                             ; On                 ; On                 ;
; Perform WYSIWYG Primitive Resynthesis                            ; Off                ; Off                ;
; Auto ROM Replacement                                             ; On                 ; On                 ;
; Auto RAM Replacement                                             ; On                 ; On                 ;
; Auto DSP Block Replacement                                       ; On                 ; On                 ;
; Auto Shift Register Replacement                                  ; Auto               ; Auto               ;
; Allow Shift Register Merging across Hierarchies                  ; Auto               ; Auto               ;
; Auto Clock Enable Replacement                                    ; On                 ; On                 ;
; Strict RAM Replacement                                           ; Off                ; Off                ;
; Allow Synchronous Control Signals                                ; On                 ; On                 ;
; Force Use of Synchronous Clear Signals                           ; Off                ; Off                ;
; Auto RAM Block Balancing                                         ; On                 ; On                 ;
; Auto RAM to Logic Cell Conversion                                ; Off                ; Off                ;
; Auto Resource Sharing                                            ; Off                ; Off                ;
; Allow Any RAM Size For Recognition                               ; Off                ; Off                ;
; Allow Any ROM Size For Recognition                               ; Off                ; Off                ;
; Allow Any Shift Register Size For Recognition                    ; Off                ; Off                ;
; Use LogicLock Constraints during Resource Balancing              ; On                 ; On                 ;
; Ignore translate_off and synthesis_off directives                ; Off                ; Off                ;
; Timing-Driven Synthesis                                          ; On                 ; On                 ;
; Report Parameter Settings                                        ; On                 ; On                 ;
; Report Source Assignments                                        ; On                 ; On                 ;
; Report Connectivity Checks                                       ; On                 ; On                 ;
; Ignore Maximum Fan-Out Assignments                               ; Off                ; Off                ;
; Synchronization Register Chain Length                            ; 2                  ; 2                  ;
; Power Optimization During Synthesis                              ; Normal compilation ; Normal compilation ;
; HDL message level                                                ; Level2             ; Level2             ;
; Suppress Register Optimization Related Messages                  ; Off                ; Off                ;
; Number of Removed Registers Reported in Synthesis Report         ; 5000               ; 5000               ;
; Number of Swept Nodes Reported in Synthesis Report               ; 5000               ; 5000               ;
; Number of Inverted Registers Reported in Synthesis Report        ; 100                ; 100                ;
; Clock MUX Protection                                             ; On                 ; On                 ;
; Auto Gated Clock Conversion                                      ; Off                ; Off                ;
; Block Design Naming                                              ; Auto               ; Auto               ;
; SDC constraint protection                                        ; Off                ; Off                ;
; Synthesis Effort                                                 ; Auto               ; Auto               ;
; Shift Register Replacement - Allow Asynchronous Clear Signal     ; On                 ; On                 ;
; Pre-Mapping Resynthesis Optimization                             ; Off                ; Off                ;
; Analysis & Synthesis Message Level                               ; Medium             ; Medium             ;
; Disable Register Merging Across Hierarchies                      ; Auto               ; Auto               ;
; Resource Aware Inference For Block RAM                           ; On                 ; On                 ;
+------------------------------------------------------------------+--------------------+--------------------+


+------------------------------------------+
; Parallel Compilation                     ;
+----------------------------+-------------+
; Processors                 ; Number      ;
+----------------------------+-------------+
; Number detected on machine ; 12          ;
; Maximum allowed            ; 6           ;
;                            ;             ;
; Average used               ; 1.00        ;
; Maximum used               ; 6           ;
;                            ;             ;
; Usage by Processor         ; % Time Used ;
;     Processor 1            ; 100.0%      ;
;     Processors 2-6         ;   0.0%      ;
+----------------------------+-------------+


+-------------------------------------------------------------------------------------------------------------------------------------------------------------------------------------------------------------------+
; Analysis & Synthesis Source Files Read                                                                                                                                                                            ;
+----------------------------------+-----------------+------------------------------+---------------------------------------------------------------------------------------------------------------------+---------+
; File Name with User-Entered Path ; Used in Netlist ; File Type                    ; File Name with Absolute Path                                                                                        ; Library ;
+----------------------------------+-----------------+------------------------------+---------------------------------------------------------------------------------------------------------------------+---------+
; uart_rx.sv                       ; yes             ; User SystemVerilog HDL File  ; C:/Users/jesti/OneDrive/Documents/USYD/2023_S2C_MTRX3700/AAA_Major_Project/NEW_GIT/MTRX3700-Repo/Robot/uart_rx.sv   ;         ;
; top_level.sv                     ; yes             ; User SystemVerilog HDL File  ; C:/Users/jesti/OneDrive/Documents/USYD/2023_S2C_MTRX3700/AAA_Major_Project/NEW_GIT/MTRX3700-Repo/Robot/top_level.sv ;         ;
+----------------------------------+-----------------+------------------------------+---------------------------------------------------------------------------------------------------------------------+---------+


+--------------------------------------------------------------+
; Analysis & Synthesis Resource Usage Summary                  ;
+---------------------------------------------+----------------+
; Resource                                    ; Usage          ;
+---------------------------------------------+----------------+
; Estimated Total logic elements              ; 86             ;
;                                             ;                ;
; Total combinational functions               ; 77             ;
; Logic element usage by number of LUT inputs ;                ;
;     -- 4 input functions                    ; 29             ;
;     -- 3 input functions                    ; 14             ;
;     -- <=2 input functions                  ; 34             ;
;                                             ;                ;
; Logic elements by mode                      ;                ;
;     -- normal mode                          ; 46             ;
;     -- arithmetic mode                      ; 31             ;
;                                             ;                ;
; Total registers                             ; 58             ;
;     -- Dedicated logic registers            ; 58             ;
;     -- I/O registers                        ; 0              ;
;                                             ;                ;
; I/O pins                                    ; 58             ;
;                                             ;                ;
; Embedded Multiplier 9-bit elements          ; 0              ;
;                                             ;                ;
; Maximum fan-out node                        ; CLOCK_50~input ;
; Maximum fan-out                             ; 58             ;
; Total fan-out                               ; 486            ;
; Average fan-out                             ; 1.88           ;
+---------------------------------------------+----------------+


+-------------------------------------------------------------------------------------------------------------------------------------------------------------------------------------------------------------------+
; Analysis & Synthesis Resource Utilization by Entity                                                                                                                                                               ;
+----------------------------+---------------------+---------------------------+-------------+--------------+---------+-----------+------+--------------+------------------------------+-------------+--------------+
; Compilation Hierarchy Node ; Combinational ALUTs ; Dedicated Logic Registers ; Memory Bits ; DSP Elements ; DSP 9x9 ; DSP 18x18 ; Pins ; Virtual Pins ; Full Hierarchy Name          ; Entity Name ; Library Name ;
+----------------------------+---------------------+---------------------------+-------------+--------------+---------+-----------+------+--------------+------------------------------+-------------+--------------+
; |top_level                 ; 77 (0)              ; 58 (8)                    ; 0           ; 0            ; 0       ; 0         ; 58   ; 0            ; |top_level                   ; top_level   ; work         ;
;    |uart_rx:uart_rx_u|     ; 77 (77)             ; 50 (50)                   ; 0           ; 0            ; 0       ; 0         ; 0    ; 0            ; |top_level|uart_rx:uart_rx_u ; uart_rx     ; work         ;
+----------------------------+---------------------+---------------------------+-------------+--------------+---------+-----------+------+--------------+------------------------------+-------------+--------------+
Note: For table entries with two numbers listed, the numbers in parentheses indicate the number of resources of the given type used by the specific entity alone. The numbers listed outside of parentheses indicate the total resources of the given type used by the specific entity and all of its sub-entities in the hierarchy.


Encoding Type:  One-Hot
+----------------------------------------------------------------------------------------------------------------+
; State Machine - |top_level|uart_rx:uart_rx_u|state                                                             ;
+-----------------+---------------+----------------+-----------------+------------+-----------------+------------+
; Name            ; state.CLEANUP ; state.STOP_BIT ; state.DATA_BITS ; state.WAIT ; state.START_BIT ; state.IDLE ;
+-----------------+---------------+----------------+-----------------+------------+-----------------+------------+
; state.IDLE      ; 0             ; 0              ; 0               ; 0          ; 0               ; 0          ;
; state.START_BIT ; 0             ; 0              ; 0               ; 0          ; 1               ; 1          ;
; state.WAIT      ; 0             ; 0              ; 0               ; 1          ; 0               ; 1          ;
; state.DATA_BITS ; 0             ; 0              ; 1               ; 0          ; 0               ; 1          ;
; state.STOP_BIT  ; 0             ; 1              ; 0               ; 0          ; 0               ; 1          ;
; state.CLEANUP   ; 1             ; 0              ; 0               ; 0          ; 0               ; 1          ;
+-----------------+---------------+----------------+-----------------+------------+-----------------+------------+


+------------------------------------------------------------+
; Registers Removed During Synthesis                         ;
+---------------------------------------+--------------------+
; Register name                         ; Reason for Removal ;
+---------------------------------------+--------------------+
; uart_rx:uart_rx_u|state~2             ; Lost fanout        ;
; uart_rx:uart_rx_u|state~3             ; Lost fanout        ;
; uart_rx:uart_rx_u|state~4             ; Lost fanout        ;
; Total Number of Removed Registers = 3 ;                    ;
+---------------------------------------+--------------------+


+------------------------------------------------------+
; General Register Statistics                          ;
+----------------------------------------------+-------+
; Statistic                                    ; Value ;
+----------------------------------------------+-------+
; Total registers                              ; 58    ;
; Number of registers using Synchronous Clear  ; 32    ;
; Number of registers using Synchronous Load   ; 0     ;
; Number of registers using Asynchronous Clear ; 0     ;
; Number of registers using Asynchronous Load  ; 0     ;
; Number of registers using Clock Enable       ; 40    ;
; Number of registers using Preset             ; 0     ;
+----------------------------------------------+-------+


+------------------------------------------------------------------------------------------------------------------------------------------------------+
; Multiplexer Restructuring Statistics (Restructuring Performed)                                                                                       ;
+--------------------+-----------+---------------+----------------------+------------------------+------------+----------------------------------------+
; Multiplexer Inputs ; Bus Width ; Baseline Area ; Area if Restructured ; Saving if Restructured ; Registered ; Example Multiplexer Output             ;
+--------------------+-----------+---------------+----------------------+------------------------+------------+----------------------------------------+
; 8:1                ; 32 bits   ; 160 LEs       ; 32 LEs               ; 128 LEs                ; Yes        ; |top_level|uart_rx:uart_rx_u|count[16] ;
+--------------------+-----------+---------------+----------------------+------------------------+------------+----------------------------------------+


+----------------------------------------------------------------+
; Parameter Settings for User Entity Instance: uart_rx:uart_rx_u ;
+----------------+-------+---------------------------------------+
; Parameter Name ; Value ; Type                                  ;
+----------------+-------+---------------------------------------+
; CLKS_PER_BIT   ; 5208  ; Signed Integer                        ;
+----------------+-------+---------------------------------------+
Note: In order to hide this table in the UI and the text report file, please set the "Show Parameter Settings in Synthesis Report" option in "Analysis and Synthesis Settings -> More Settings" to "Off".


+-------------------------------------------------------------------------------------------------------------------------------------------------------------------------+
; Port Connectivity Checks: "uart_rx:uart_rx_u"                                                                                                                           ;
+-------+-------+----------+----------------------------------------------------------------------------------------------------------------------------------------------+
; Port  ; Type  ; Severity ; Details                                                                                                                                      ;
+-------+-------+----------+----------------------------------------------------------------------------------------------------------------------------------------------+
; ready ; Input ; Info     ; Stuck at VCC                                                                                                                                 ;
; rst   ; Input ; Warning  ; Declared by entity but not connected by instance. If a default value exists, it will be used.  Otherwise, the port will be connected to GND. ;
+-------+-------+----------+----------------------------------------------------------------------------------------------------------------------------------------------+


+-----------------------------------------------------+
; Post-Synthesis Netlist Statistics for Top Partition ;
+-----------------------+-----------------------------+
; Type                  ; Count                       ;
+-----------------------+-----------------------------+
; boundary_port         ; 58                          ;
; cycloneiii_ff         ; 58                          ;
;     ENA               ; 8                           ;
;     ENA SCLR          ; 32                          ;
;     plain             ; 18                          ;
; cycloneiii_io_obuf    ; 7                           ;
; cycloneiii_lcell_comb ; 78                          ;
;     arith             ; 31                          ;
;         2 data inputs ; 31                          ;
;     normal            ; 47                          ;
;         0 data inputs ; 1                           ;
;         1 data inputs ; 1                           ;
;         2 data inputs ; 2                           ;
;         3 data inputs ; 14                          ;
;         4 data inputs ; 29                          ;
;                       ;                             ;
; Max LUT depth         ; 6.00                        ;
; Average LUT depth     ; 3.19                        ;
+-----------------------+-----------------------------+


+-------------------------------+
; Elapsed Time Per Partition    ;
+----------------+--------------+
; Partition Name ; Elapsed Time ;
+----------------+--------------+
; Top            ; 00:00:00     ;
+----------------+--------------+


+-------------------------------+
; Analysis & Synthesis Messages ;
+-------------------------------+
Info: *******************************************************************
Info: Running Quartus Prime Analysis & Synthesis
    Info: Version 18.1.0 Build 625 09/12/2018 SJ Lite Edition
    Info: Processing started: Tue Oct 24 23:00:35 2023
Info: Command: quartus_map --read_settings_files=on --write_settings_files=off Robot -c Robot
Warning (18236): Number of processors has not been specified which may cause overloading on shared machines.  Set the global assignment NUM_PARALLEL_PROCESSORS in your QSF to an appropriate value for best performance.
Info (20030): Parallel compilation is enabled and will use 6 of the 6 processors detected
Info (12021): Found 1 design units, including 1 entities, in source file uart_tx.sv
    Info (12023): Found entity 1: uart_tx File: C:/Users/jesti/OneDrive/Documents/USYD/2023_S2C_MTRX3700/AAA_Major_Project/NEW_GIT/MTRX3700-Repo/Robot/uart_tx.sv Line: 2
Info (12021): Found 1 design units, including 1 entities, in source file uart_rx.sv
    Info (12023): Found entity 1: uart_rx File: C:/Users/jesti/OneDrive/Documents/USYD/2023_S2C_MTRX3700/AAA_Major_Project/NEW_GIT/MTRX3700-Repo/Robot/uart_rx.sv Line: 1
Info (12021): Found 1 design units, including 1 entities, in source file pll1.v
    Info (12023): Found entity 1: pll1 File: C:/Users/jesti/OneDrive/Documents/USYD/2023_S2C_MTRX3700/AAA_Major_Project/NEW_GIT/MTRX3700-Repo/Robot/pll1.v Line: 39
Info (12021): Found 1 design units, including 1 entities, in source file ir_receive_terasic.v
    Info (12023): Found entity 1: IR_RECEIVE File: C:/Users/jesti/OneDrive/Documents/USYD/2023_S2C_MTRX3700/AAA_Major_Project/NEW_GIT/MTRX3700-Repo/Robot/IR_RECEIVE_Terasic.v Line: 48
Info (12021): Found 1 design units, including 1 entities, in source file top_level.sv
    Info (12023): Found entity 1: top_level File: C:/Users/jesti/OneDrive/Documents/USYD/2023_S2C_MTRX3700/AAA_Major_Project/NEW_GIT/MTRX3700-Repo/Robot/top_level.sv Line: 3
Info (12021): Found 1 design units, including 1 entities, in source file bram_ip.v
    Info (12023): Found entity 1: BRAM_IP File: C:/Users/jesti/OneDrive/Documents/USYD/2023_S2C_MTRX3700/AAA_Major_Project/NEW_GIT/MTRX3700-Repo/Robot/BRAM_IP.v Line: 39
Info (12021): Found 1 design units, including 1 entities, in source file fsm.sv
    Info (12023): Found entity 1: fsm File: C:/Users/jesti/OneDrive/Documents/USYD/2023_S2C_MTRX3700/AAA_Major_Project/NEW_GIT/MTRX3700-Repo/Robot/fsm.sv Line: 3
Info (12021): Found 1 design units, including 1 entities, in source file ir_interpreter.sv
    Info (12023): Found entity 1: ir_interpreter File: C:/Users/jesti/OneDrive/Documents/USYD/2023_S2C_MTRX3700/AAA_Major_Project/NEW_GIT/MTRX3700-Repo/Robot/ir_interpreter.sv Line: 5
Info (12127): Elaborating entity "top_level" for the top level hierarchy
Warning (10034): Output port "LEDG" at top_level.sv(11) has no driver File: C:/Users/jesti/OneDrive/Documents/USYD/2023_S2C_MTRX3700/AAA_Major_Project/NEW_GIT/MTRX3700-Repo/Robot/top_level.sv Line: 11
Warning (10034): Output port "LEDR[17..8]" at top_level.sv(13) has no driver File: C:/Users/jesti/OneDrive/Documents/USYD/2023_S2C_MTRX3700/AAA_Major_Project/NEW_GIT/MTRX3700-Repo/Robot/top_level.sv Line: 13
Info (12128): Elaborating entity "uart_rx" for hierarchy "uart_rx:uart_rx_u" File: C:/Users/jesti/OneDrive/Documents/USYD/2023_S2C_MTRX3700/AAA_Major_Project/NEW_GIT/MTRX3700-Repo/Robot/top_level.sv Line: 74
Warning (10036): Verilog HDL or VHDL warning at uart_rx.sv(12): object "rx_q1" assigned a value but never read File: C:/Users/jesti/OneDrive/Documents/USYD/2023_S2C_MTRX3700/AAA_Major_Project/NEW_GIT/MTRX3700-Repo/Robot/uart_rx.sv Line: 12
Warning (10230): Verilog HDL assignment warning at uart_rx.sv(55): truncated value with size 32 to match size of target (3) File: C:/Users/jesti/OneDrive/Documents/USYD/2023_S2C_MTRX3700/AAA_Major_Project/NEW_GIT/MTRX3700-Repo/Robot/uart_rx.sv Line: 55
Info (10264): Verilog HDL Case Statement information at uart_rx.sv(43): all case item expressions in this case statement are onehot File: C:/Users/jesti/OneDrive/Documents/USYD/2023_S2C_MTRX3700/AAA_Major_Project/NEW_GIT/MTRX3700-Repo/Robot/uart_rx.sv Line: 43
Warning (12241): 1 hierarchies have connectivity warnings - see the Connectivity Checks report folder
Warning (13039): The following bidirectional pins have no drivers
    Warning (13040): bidirectional pin "EX_IO[1]" has no driver File: C:/Users/jesti/OneDrive/Documents/USYD/2023_S2C_MTRX3700/AAA_Major_Project/NEW_GIT/MTRX3700-Repo/Robot/top_level.sv Line: 9
    Warning (13040): bidirectional pin "EX_IO[0]" has no driver File: C:/Users/jesti/OneDrive/Documents/USYD/2023_S2C_MTRX3700/AAA_Major_Project/NEW_GIT/MTRX3700-Repo/Robot/top_level.sv Line: 9
    Warning (13040): bidirectional pin "EX_IO[2]" has no driver File: C:/Users/jesti/OneDrive/Documents/USYD/2023_S2C_MTRX3700/AAA_Major_Project/NEW_GIT/MTRX3700-Repo/Robot/top_level.sv Line: 9
    Warning (13040): bidirectional pin "EX_IO[3]" has no driver File: C:/Users/jesti/OneDrive/Documents/USYD/2023_S2C_MTRX3700/AAA_Major_Project/NEW_GIT/MTRX3700-Repo/Robot/top_level.sv Line: 9
    Warning (13040): bidirectional pin "EX_IO[4]" has no driver File: C:/Users/jesti/OneDrive/Documents/USYD/2023_S2C_MTRX3700/AAA_Major_Project/NEW_GIT/MTRX3700-Repo/Robot/top_level.sv Line: 9
    Warning (13040): bidirectional pin "EX_IO[5]" has no driver File: C:/Users/jesti/OneDrive/Documents/USYD/2023_S2C_MTRX3700/AAA_Major_Project/NEW_GIT/MTRX3700-Repo/Robot/top_level.sv Line: 9
    Warning (13040): bidirectional pin "EX_IO[6]" has no driver File: C:/Users/jesti/OneDrive/Documents/USYD/2023_S2C_MTRX3700/AAA_Major_Project/NEW_GIT/MTRX3700-Repo/Robot/top_level.sv Line: 9
Warning (13024): Output pins are stuck at VCC or GND
    Warning (13410): Pin "LEDG[0]" is stuck at GND File: C:/Users/jesti/OneDrive/Documents/USYD/2023_S2C_MTRX3700/AAA_Major_Project/NEW_GIT/MTRX3700-Repo/Robot/top_level.sv Line: 11
    Warning (13410): Pin "LEDG[1]" is stuck at GND File: C:/Users/jesti/OneDrive/Documents/USYD/2023_S2C_MTRX3700/AAA_Major_Project/NEW_GIT/MTRX3700-Repo/Robot/top_level.sv Line: 11
    Warning (13410): Pin "LEDG[2]" is stuck at GND File: C:/Users/jesti/OneDrive/Documents/USYD/2023_S2C_MTRX3700/AAA_Major_Project/NEW_GIT/MTRX3700-Repo/Robot/top_level.sv Line: 11
    Warning (13410): Pin "LEDG[3]" is stuck at GND File: C:/Users/jesti/OneDrive/Documents/USYD/2023_S2C_MTRX3700/AAA_Major_Project/NEW_GIT/MTRX3700-Repo/Robot/top_level.sv Line: 11
    Warning (13410): Pin "LEDG[4]" is stuck at GND File: C:/Users/jesti/OneDrive/Documents/USYD/2023_S2C_MTRX3700/AAA_Major_Project/NEW_GIT/MTRX3700-Repo/Robot/top_level.sv Line: 11
    Warning (13410): Pin "LEDG[5]" is stuck at GND File: C:/Users/jesti/OneDrive/Documents/USYD/2023_S2C_MTRX3700/AAA_Major_Project/NEW_GIT/MTRX3700-Repo/Robot/top_level.sv Line: 11
    Warning (13410): Pin "LEDG[6]" is stuck at GND File: C:/Users/jesti/OneDrive/Documents/USYD/2023_S2C_MTRX3700/AAA_Major_Project/NEW_GIT/MTRX3700-Repo/Robot/top_level.sv Line: 11
    Warning (13410): Pin "LEDG[7]" is stuck at GND File: C:/Users/jesti/OneDrive/Documents/USYD/2023_S2C_MTRX3700/AAA_Major_Project/NEW_GIT/MTRX3700-Repo/Robot/top_level.sv Line: 11
    Warning (13410): Pin "LEDG[8]" is stuck at GND File: C:/Users/jesti/OneDrive/Documents/USYD/2023_S2C_MTRX3700/AAA_Major_Project/NEW_GIT/MTRX3700-Repo/Robot/top_level.sv Line: 11
    Warning (13410): Pin "LEDR[8]" is stuck at GND File: C:/Users/jesti/OneDrive/Documents/USYD/2023_S2C_MTRX3700/AAA_Major_Project/NEW_GIT/MTRX3700-Repo/Robot/top_level.sv Line: 13
    Warning (13410): Pin "LEDR[9]" is stuck at GND File: C:/Users/jesti/OneDrive/Documents/USYD/2023_S2C_MTRX3700/AAA_Major_Project/NEW_GIT/MTRX3700-Repo/Robot/top_level.sv Line: 13
    Warning (13410): Pin "LEDR[10]" is stuck at GND File: C:/Users/jesti/OneDrive/Documents/USYD/2023_S2C_MTRX3700/AAA_Major_Project/NEW_GIT/MTRX3700-Repo/Robot/top_level.sv Line: 13
    Warning (13410): Pin "LEDR[11]" is stuck at GND File: C:/Users/jesti/OneDrive/Documents/USYD/2023_S2C_MTRX3700/AAA_Major_Project/NEW_GIT/MTRX3700-Repo/Robot/top_level.sv Line: 13
    Warning (13410): Pin "LEDR[12]" is stuck at GND File: C:/Users/jesti/OneDrive/Documents/USYD/2023_S2C_MTRX3700/AAA_Major_Project/NEW_GIT/MTRX3700-Repo/Robot/top_level.sv Line: 13
    Warning (13410): Pin "LEDR[13]" is stuck at GND File: C:/Users/jesti/OneDrive/Documents/USYD/2023_S2C_MTRX3700/AAA_Major_Project/NEW_GIT/MTRX3700-Repo/Robot/top_level.sv Line: 13
    Warning (13410): Pin "LEDR[14]" is stuck at GND File: C:/Users/jesti/OneDrive/Documents/USYD/2023_S2C_MTRX3700/AAA_Major_Project/NEW_GIT/MTRX3700-Repo/Robot/top_level.sv Line: 13
    Warning (13410): Pin "LEDR[15]" is stuck at GND File: C:/Users/jesti/OneDrive/Documents/USYD/2023_S2C_MTRX3700/AAA_Major_Project/NEW_GIT/MTRX3700-Repo/Robot/top_level.sv Line: 13
    Warning (13410): Pin "LEDR[16]" is stuck at GND File: C:/Users/jesti/OneDrive/Documents/USYD/2023_S2C_MTRX3700/AAA_Major_Project/NEW_GIT/MTRX3700-Repo/Robot/top_level.sv Line: 13
    Warning (13410): Pin "LEDR[17]" is stuck at GND File: C:/Users/jesti/OneDrive/Documents/USYD/2023_S2C_MTRX3700/AAA_Major_Project/NEW_GIT/MTRX3700-Repo/Robot/top_level.sv Line: 13
Info (286030): Timing-Driven Synthesis is running
Info (17049): 3 registers lost all their fanouts during netlist optimizations.
Info (16010): Generating hard_block partition "hard_block:auto_generated_inst"
    Info (16011): Adding 0 node(s), including 0 DDIO, 0 PLL, 0 transceiver and 0 LCELL
Warning (21074): Design contains 23 input pin(s) that do not drive logic
    Warning (15610): No output dependent on input pin "SW[0]" File: C:/Users/jesti/OneDrive/Documents/USYD/2023_S2C_MTRX3700/AAA_Major_Project/NEW_GIT/MTRX3700-Repo/Robot/top_level.sv Line: 4
    Warning (15610): No output dependent on input pin "SW[1]" File: C:/Users/jesti/OneDrive/Documents/USYD/2023_S2C_MTRX3700/AAA_Major_Project/NEW_GIT/MTRX3700-Repo/Robot/top_level.sv Line: 4
    Warning (15610): No output dependent on input pin "SW[2]" File: C:/Users/jesti/OneDrive/Documents/USYD/2023_S2C_MTRX3700/AAA_Major_Project/NEW_GIT/MTRX3700-Repo/Robot/top_level.sv Line: 4
    Warning (15610): No output dependent on input pin "SW[3]" File: C:/Users/jesti/OneDrive/Documents/USYD/2023_S2C_MTRX3700/AAA_Major_Project/NEW_GIT/MTRX3700-Repo/Robot/top_level.sv Line: 4
    Warning (15610): No output dependent on input pin "SW[4]" File: C:/Users/jesti/OneDrive/Documents/USYD/2023_S2C_MTRX3700/AAA_Major_Project/NEW_GIT/MTRX3700-Repo/Robot/top_level.sv Line: 4
    Warning (15610): No output dependent on input pin "SW[5]" File: C:/Users/jesti/OneDrive/Documents/USYD/2023_S2C_MTRX3700/AAA_Major_Project/NEW_GIT/MTRX3700-Repo/Robot/top_level.sv Line: 4
    Warning (15610): No output dependent on input pin "SW[6]" File: C:/Users/jesti/OneDrive/Documents/USYD/2023_S2C_MTRX3700/AAA_Major_Project/NEW_GIT/MTRX3700-Repo/Robot/top_level.sv Line: 4
    Warning (15610): No output dependent on input pin "SW[7]" File: C:/Users/jesti/OneDrive/Documents/USYD/2023_S2C_MTRX3700/AAA_Major_Project/NEW_GIT/MTRX3700-Repo/Robot/top_level.sv Line: 4
    Warning (15610): No output dependent on input pin "SW[8]" File: C:/Users/jesti/OneDrive/Documents/USYD/2023_S2C_MTRX3700/AAA_Major_Project/NEW_GIT/MTRX3700-Repo/Robot/top_level.sv Line: 4
    Warning (15610): No output dependent on input pin "SW[9]" File: C:/Users/jesti/OneDrive/Documents/USYD/2023_S2C_MTRX3700/AAA_Major_Project/NEW_GIT/MTRX3700-Repo/Robot/top_level.sv Line: 4
    Warning (15610): No output dependent on input pin "SW[10]" File: C:/Users/jesti/OneDrive/Documents/USYD/2023_S2C_MTRX3700/AAA_Major_Project/NEW_GIT/MTRX3700-Repo/Robot/top_level.sv Line: 4
    Warning (15610): No output dependent on input pin "SW[11]" File: C:/Users/jesti/OneDrive/Documents/USYD/2023_S2C_MTRX3700/AAA_Major_Project/NEW_GIT/MTRX3700-Repo/Robot/top_level.sv Line: 4
    Warning (15610): No output dependent on input pin "SW[12]" File: C:/Users/jesti/OneDrive/Documents/USYD/2023_S2C_MTRX3700/AAA_Major_Project/NEW_GIT/MTRX3700-Repo/Robot/top_level.sv Line: 4
    Warning (15610): No output dependent on input pin "SW[13]" File: C:/Users/jesti/OneDrive/Documents/USYD/2023_S2C_MTRX3700/AAA_Major_Project/NEW_GIT/MTRX3700-Repo/Robot/top_level.sv Line: 4
    Warning (15610): No output dependent on input pin "SW[14]" File: C:/Users/jesti/OneDrive/Documents/USYD/2023_S2C_MTRX3700/AAA_Major_Project/NEW_GIT/MTRX3700-Repo/Robot/top_level.sv Line: 4
    Warning (15610): No output dependent on input pin "SW[15]" File: C:/Users/jesti/OneDrive/Documents/USYD/2023_S2C_MTRX3700/AAA_Major_Project/NEW_GIT/MTRX3700-Repo/Robot/top_level.sv Line: 4
    Warning (15610): No output dependent on input pin "SW[16]" File: C:/Users/jesti/OneDrive/Documents/USYD/2023_S2C_MTRX3700/AAA_Major_Project/NEW_GIT/MTRX3700-Repo/Robot/top_level.sv Line: 4
    Warning (15610): No output dependent on input pin "SW[17]" File: C:/Users/jesti/OneDrive/Documents/USYD/2023_S2C_MTRX3700/AAA_Major_Project/NEW_GIT/MTRX3700-Repo/Robot/top_level.sv Line: 4
    Warning (15610): No output dependent on input pin "KEY[0]" File: C:/Users/jesti/OneDrive/Documents/USYD/2023_S2C_MTRX3700/AAA_Major_Project/NEW_GIT/MTRX3700-Repo/Robot/top_level.sv Line: 5
    Warning (15610): No output dependent on input pin "KEY[1]" File: C:/Users/jesti/OneDrive/Documents/USYD/2023_S2C_MTRX3700/AAA_Major_Project/NEW_GIT/MTRX3700-Repo/Robot/top_level.sv Line: 5
    Warning (15610): No output dependent on input pin "KEY[2]" File: C:/Users/jesti/OneDrive/Documents/USYD/2023_S2C_MTRX3700/AAA_Major_Project/NEW_GIT/MTRX3700-Repo/Robot/top_level.sv Line: 5
    Warning (15610): No output dependent on input pin "KEY[3]" File: C:/Users/jesti/OneDrive/Documents/USYD/2023_S2C_MTRX3700/AAA_Major_Project/NEW_GIT/MTRX3700-Repo/Robot/top_level.sv Line: 5
    Warning (15610): No output dependent on input pin "IRDA_RXD" File: C:/Users/jesti/OneDrive/Documents/USYD/2023_S2C_MTRX3700/AAA_Major_Project/NEW_GIT/MTRX3700-Repo/Robot/top_level.sv Line: 7
Info (21057): Implemented 144 device resources after synthesis - the final resource count might be different
    Info (21058): Implemented 24 input pins
    Info (21059): Implemented 27 output pins
    Info (21060): Implemented 7 bidirectional pins
    Info (21061): Implemented 86 logic cells
Info: Quartus Prime Analysis & Synthesis was successful. 0 errors, 58 warnings
    Info: Peak virtual memory: 4789 megabytes
    Info: Processing ended: Tue Oct 24 23:00:44 2023
    Info: Elapsed time: 00:00:09
    Info: Total CPU time (on all processors): 00:00:08


