EDA Netlist Writer report for Robot
<<<<<<< HEAD
Sun Oct 29 06:40:39 2023
=======
Sat Oct 28 15:23:25 2023
>>>>>>> 18fa4aa4e7e0c8e3d1105167c1f712f1e9cb29b2
Quartus Prime Version 18.1.0 Build 625 09/12/2018 SJ Lite Edition


---------------------
; Table of Contents ;
---------------------
  1. Legal Notice
  2. EDA Netlist Writer Summary
  3. Simulation Settings
  4. Simulation Generated Files
  5. EDA Netlist Writer Messages



----------------
; Legal Notice ;
----------------
Copyright (C) 2018  Intel Corporation. All rights reserved.
Your use of Intel Corporation's design tools, logic functions 
and other software and tools, and its AMPP partner logic 
functions, and any output files from any of the foregoing 
(including device programming or simulation files), and any 
associated documentation or information are expressly subject 
to the terms and conditions of the Intel Program License 
Subscription Agreement, the Intel Quartus Prime License Agreement,
the Intel FPGA IP License Agreement, or other applicable license
agreement, including, without limitation, that your use is for
the sole purpose of programming logic devices manufactured by
Intel and sold by Intel or its authorized distributors.  Please
refer to the applicable agreement for further details.



+-------------------------------------------------------------------+
; EDA Netlist Writer Summary                                        ;
+---------------------------+---------------------------------------+
<<<<<<< HEAD
; EDA Netlist Writer Status ; Successful - Sun Oct 29 06:40:39 2023 ;
=======
; EDA Netlist Writer Status ; Successful - Sat Oct 28 15:23:25 2023 ;
>>>>>>> 18fa4aa4e7e0c8e3d1105167c1f712f1e9cb29b2
; Revision Name             ; Robot                                 ;
; Top-level Entity Name     ; top_level                             ;
; Family                    ; Cyclone IV E                          ;
; Simulation Files Creation ; Successful                            ;
+---------------------------+---------------------------------------+


+-------------------------------------------------------------------------------------------------------------------------------------+
; Simulation Settings                                                                                                                 ;
+---------------------------------------------------------------------------------------------------+---------------------------------+
; Option                                                                                            ; Setting                         ;
+---------------------------------------------------------------------------------------------------+---------------------------------+
; Tool Name                                                                                         ; ModelSim-Altera (SystemVerilog) ;
; Generate functional simulation netlist                                                            ; Off                             ;
; Time scale                                                                                        ; 1 ps                            ;
; Truncate long hierarchy paths                                                                     ; Off                             ;
; Map illegal HDL characters                                                                        ; Off                             ;
; Flatten buses into individual nodes                                                               ; Off                             ;
; Maintain hierarchy                                                                                ; Off                             ;
; Bring out device-wide set/reset signals as ports                                                  ; Off                             ;
; Enable glitch filtering                                                                           ; Off                             ;
; Do not write top level VHDL entity                                                                ; Off                             ;
; Disable detection of setup and hold time violations in the input registers of bi-directional pins ; Off                             ;
; Architecture name in VHDL output netlist                                                          ; structure                       ;
; Generate third-party EDA tool command script for RTL functional simulation                        ; Off                             ;
; Generate third-party EDA tool command script for gate-level simulation                            ; Off                             ;
+---------------------------------------------------------------------------------------------------+---------------------------------+


+---------------------------------------------------------------------------------------------------+
; Simulation Generated Files                                                                        ;
+---------------------------------------------------------------------------------------------------+
; Generated Files                                                                                   ;
+---------------------------------------------------------------------------------------------------+
; C:/Users/Prithik/Documents/MTRX3700-Repo/Robot/simulation/modelsim/Robot_7_1200mv_85c_slow.svo    ;
; C:/Users/Prithik/Documents/MTRX3700-Repo/Robot/simulation/modelsim/Robot_7_1200mv_0c_slow.svo     ;
; C:/Users/Prithik/Documents/MTRX3700-Repo/Robot/simulation/modelsim/Robot_min_1200mv_0c_fast.svo   ;
; C:/Users/Prithik/Documents/MTRX3700-Repo/Robot/simulation/modelsim/Robot.svo                      ;
; C:/Users/Prithik/Documents/MTRX3700-Repo/Robot/simulation/modelsim/Robot_7_1200mv_85c_v_slow.sdo  ;
; C:/Users/Prithik/Documents/MTRX3700-Repo/Robot/simulation/modelsim/Robot_7_1200mv_0c_v_slow.sdo   ;
; C:/Users/Prithik/Documents/MTRX3700-Repo/Robot/simulation/modelsim/Robot_min_1200mv_0c_v_fast.sdo ;
; C:/Users/Prithik/Documents/MTRX3700-Repo/Robot/simulation/modelsim/Robot_v.sdo                    ;
+---------------------------------------------------------------------------------------------------+


+-----------------------------+
; EDA Netlist Writer Messages ;
+-----------------------------+
Info: *******************************************************************
Info: Running Quartus Prime EDA Netlist Writer
    Info: Version 18.1.0 Build 625 09/12/2018 SJ Lite Edition
<<<<<<< HEAD
    Info: Processing started: Sun Oct 29 06:40:38 2023
=======
    Info: Processing started: Sat Oct 28 15:23:24 2023
>>>>>>> 18fa4aa4e7e0c8e3d1105167c1f712f1e9cb29b2
Info: Command: quartus_eda --read_settings_files=off --write_settings_files=off Robot -c Robot
Warning (18236): Number of processors has not been specified which may cause overloading on shared machines.  Set the global assignment NUM_PARALLEL_PROCESSORS in your QSF to an appropriate value for best performance.
Info (204019): Generated file Robot_7_1200mv_85c_slow.svo in folder "C:/Users/Prithik/Documents/MTRX3700-Repo/Robot/simulation/modelsim/" for EDA simulation tool
Info (204019): Generated file Robot_7_1200mv_0c_slow.svo in folder "C:/Users/Prithik/Documents/MTRX3700-Repo/Robot/simulation/modelsim/" for EDA simulation tool
Info (204019): Generated file Robot_min_1200mv_0c_fast.svo in folder "C:/Users/Prithik/Documents/MTRX3700-Repo/Robot/simulation/modelsim/" for EDA simulation tool
Info (204019): Generated file Robot.svo in folder "C:/Users/Prithik/Documents/MTRX3700-Repo/Robot/simulation/modelsim/" for EDA simulation tool
Info (204019): Generated file Robot_7_1200mv_85c_v_slow.sdo in folder "C:/Users/Prithik/Documents/MTRX3700-Repo/Robot/simulation/modelsim/" for EDA simulation tool
Info (204019): Generated file Robot_7_1200mv_0c_v_slow.sdo in folder "C:/Users/Prithik/Documents/MTRX3700-Repo/Robot/simulation/modelsim/" for EDA simulation tool
Info (204019): Generated file Robot_min_1200mv_0c_v_fast.sdo in folder "C:/Users/Prithik/Documents/MTRX3700-Repo/Robot/simulation/modelsim/" for EDA simulation tool
Info (204019): Generated file Robot_v.sdo in folder "C:/Users/Prithik/Documents/MTRX3700-Repo/Robot/simulation/modelsim/" for EDA simulation tool
Info: Quartus Prime EDA Netlist Writer was successful. 0 errors, 1 warning
<<<<<<< HEAD
    Info: Peak virtual memory: 4660 megabytes
    Info: Processing ended: Sun Oct 29 06:40:39 2023
=======
    Info: Peak virtual memory: 4656 megabytes
    Info: Processing ended: Sat Oct 28 15:23:25 2023
>>>>>>> 18fa4aa4e7e0c8e3d1105167c1f712f1e9cb29b2
    Info: Elapsed time: 00:00:01
    Info: Total CPU time (on all processors): 00:00:01


