Flow report for proximity_sensor
Sun Nov 05 18:26:35 2023
Quartus Prime Version 18.1.0 Build 625 09/12/2018 SJ Lite Edition


---------------------
; Table of Contents ;
---------------------
  1. Legal Notice
  2. Flow Summary
  3. Flow Settings
  4. Flow Non-Default Global Settings
  5. Flow Elapsed Time
  6. Flow OS Summary
  7. Flow Log
  8. Flow Messages
  9. Flow Suppressed Messages



----------------
; Legal Notice ;
----------------
Copyright (C) 2018  Intel Corporation. All rights reserved.
Your use of Intel Corporation's design tools, logic functions 
and other software and tools, and its AMPP partner logic 
functions, and any output files from any of the foregoing 
(including device programming or simulation files), and any 
associated documentation or information are expressly subject 
to the terms and conditions of the Intel Program License 
Subscription Agreement, the Intel Quartus Prime License Agreement,
the Intel FPGA IP License Agreement, or other applicable license
agreement, including, without limitation, that your use is for
the sole purpose of programming logic devices manufactured by
Intel and sold by Intel or its authorized distributors.  Please
refer to the applicable agreement for further details.



+----------------------------------------------------------------------------------+
; Flow Summary                                                                     ;
+------------------------------------+---------------------------------------------+
; Flow Status                        ; Successful - Sun Nov 05 18:26:35 2023       ;
; Quartus Prime Version              ; 18.1.0 Build 625 09/12/2018 SJ Lite Edition ;
; Revision Name                      ; proximity_sensor                            ;
; Top-level Entity Name              ; proximity                                   ;
; Family                             ; Cyclone IV E                                ;
; Device                             ; EP4CE115F29C7                               ;
; Timing Models                      ; Final                                       ;
; Total logic elements               ; 124 / 114,480 ( < 1 % )                     ;
;     Total combinational functions  ; 123 / 114,480 ( < 1 % )                     ;
;     Dedicated logic registers      ; 79 / 114,480 ( < 1 % )                      ;
; Total registers                    ; 79                                          ;
; Total pins                         ; 45 / 529 ( 9 % )                            ;
; Total virtual pins                 ; 0                                           ;
; Total memory bits                  ; 0 / 3,981,312 ( 0 % )                       ;
; Embedded Multiplier 9-bit elements ; 4 / 532 ( < 1 % )                           ;
; Total PLLs                         ; 0 / 4 ( 0 % )                               ;
+------------------------------------+---------------------------------------------+


+-----------------------------------------+
; Flow Settings                           ;
+-------------------+---------------------+
; Option            ; Setting             ;
+-------------------+---------------------+
; Start date & time ; 11/05/2023 18:26:06 ;
; Main task         ; Compilation         ;
; Revision Name     ; proximity_sensor    ;
+-------------------+---------------------+


+---------------------------------------------------------------------------------------------------------------------------------+
; Flow Non-Default Global Settings                                                                                                ;
+--------------------------------------+----------------------------------------+------------------+-------------+----------------+
; Assignment Name                      ; Value                                  ; Default Value    ; Entity Name ; Section Id     ;
+--------------------------------------+----------------------------------------+------------------+-------------+----------------+
; COMPILER_SIGNATURE_ID                ; 66160495192284.169916916614920         ; --               ; --          ; --             ;
; EDA_DESIGN_INSTANCE_NAME             ; NA                                     ; --               ; --          ; tb_proximity   ;
; EDA_GENERATE_FUNCTIONAL_NETLIST      ; On                                     ; --               ; --          ; eda_simulation ;
; EDA_NATIVELINK_SIMULATION_TEST_BENCH ; tb_proximity                           ; --               ; --          ; eda_simulation ;
; EDA_OUTPUT_DATA_FORMAT               ; Verilog Hdl                            ; --               ; --          ; eda_simulation ;
; EDA_SIMULATION_TOOL                  ; ModelSim-Altera (Verilog)              ; <None>           ; --          ; --             ;
; EDA_TEST_BENCH_ENABLE_STATUS         ; TEST_BENCH_MODE                        ; --               ; --          ; eda_simulation ;
; EDA_TEST_BENCH_FILE                  ; tb_proximity.sv                        ; --               ; --          ; tb_proximity   ;
; EDA_TEST_BENCH_MODULE_NAME           ; tb_proximity                           ; --               ; --          ; tb_proximity   ;
; EDA_TEST_BENCH_NAME                  ; tb_proximity                           ; --               ; --          ; eda_simulation ;
; EDA_TIME_SCALE                       ; 1 ps                                   ; --               ; --          ; eda_simulation ;
; MAX_CORE_JUNCTION_TEMP               ; 85                                     ; --               ; --          ; --             ;
; MIN_CORE_JUNCTION_TEMP               ; 0                                      ; --               ; --          ; --             ;
; NOMINAL_CORE_SUPPLY_VOLTAGE          ; 1.2V                                   ; --               ; --          ; --             ;
; PARTITION_COLOR                      ; -- (Not supported for targeted family) ; --               ; proximity   ; Top            ;
; PARTITION_FITTER_PRESERVATION_LEVEL  ; -- (Not supported for targeted family) ; --               ; proximity   ; Top            ;
; PARTITION_NETLIST_TYPE               ; -- (Not supported for targeted family) ; --               ; proximity   ; Top            ;
; POWER_BOARD_THERMAL_MODEL            ; None (CONSERVATIVE)                    ; --               ; --          ; --             ;
; POWER_PRESET_COOLING_SOLUTION        ; 23 MM HEAT SINK WITH 200 LFPM AIRFLOW  ; --               ; --          ; --             ;
; PROJECT_OUTPUT_DIRECTORY             ; output_files                           ; --               ; --          ; --             ;
; TOP_LEVEL_ENTITY                     ; proximity                              ; proximity_sensor ; --          ; --             ;
+--------------------------------------+----------------------------------------+------------------+-------------+----------------+


+--------------------------------------------------------------------------------------------------------------------------+
; Flow Elapsed Time                                                                                                        ;
+----------------------+--------------+-------------------------+---------------------+------------------------------------+
; Module Name          ; Elapsed Time ; Average Processors Used ; Peak Virtual Memory ; Total CPU Time (on all processors) ;
+----------------------+--------------+-------------------------+---------------------+------------------------------------+
; Analysis & Synthesis ; 00:00:10     ; 1.0                     ; 4793 MB             ; 00:00:18                           ;
; Fitter               ; 00:00:10     ; 1.0                     ; 5837 MB             ; 00:00:17                           ;
; Assembler            ; 00:00:03     ; 1.0                     ; 4679 MB             ; 00:00:03                           ;
; Timing Analyzer      ; 00:00:02     ; 1.1                     ; 4864 MB             ; 00:00:02                           ;
; EDA Netlist Writer   ; 00:00:01     ; 1.0                     ; 4640 MB             ; 00:00:01                           ;
; Total                ; 00:00:26     ; --                      ; --                  ; 00:00:41                           ;
+----------------------+--------------+-------------------------+---------------------+------------------------------------+


+------------------------------------------------------------------------------------+
; Flow OS Summary                                                                    ;
+----------------------+------------------+------------+------------+----------------+
; Module Name          ; Machine Hostname ; OS Name    ; OS Version ; Processor type ;
+----------------------+------------------+------------+------------+----------------+
; Analysis & Synthesis ; DESKTOP-DPF2DTJ  ; Windows 10 ; 10.0       ; x86_64         ;
; Fitter               ; DESKTOP-DPF2DTJ  ; Windows 10 ; 10.0       ; x86_64         ;
; Assembler            ; DESKTOP-DPF2DTJ  ; Windows 10 ; 10.0       ; x86_64         ;
; Timing Analyzer      ; DESKTOP-DPF2DTJ  ; Windows 10 ; 10.0       ; x86_64         ;
; EDA Netlist Writer   ; DESKTOP-DPF2DTJ  ; Windows 10 ; 10.0       ; x86_64         ;
+----------------------+------------------+------------+------------+----------------+


------------
; Flow Log ;
------------
quartus_map --read_settings_files=on --write_settings_files=off proximity_sensor -c proximity_sensor
quartus_fit --read_settings_files=off --write_settings_files=off proximity_sensor -c proximity_sensor
quartus_asm --read_settings_files=off --write_settings_files=off proximity_sensor -c proximity_sensor
quartus_sta proximity_sensor -c proximity_sensor
quartus_eda --read_settings_files=off --write_settings_files=off proximity_sensor -c proximity_sensor



