Analysis & Synthesis report for proximity_sensor
Sat Oct 28 15:29:43 2023
Quartus Prime Version 18.1.0 Build 625 09/12/2018 SJ Lite Edition


---------------------
; Table of Contents ;
---------------------
  1. Legal Notice
  2. Analysis & Synthesis Summary
  3. Analysis & Synthesis Settings
  4. Parallel Compilation
  5. Analysis & Synthesis Source Files Read
  6. Analysis & Synthesis Resource Usage Summary
  7. Analysis & Synthesis Resource Utilization by Entity
  8. Analysis & Synthesis DSP Block Usage Summary
  9. State Machine - |top_level|sensor_driver:u0|state
 10. Registers Removed During Synthesis
 11. General Register Statistics
 12. Multiplexer Restructuring Statistics (Restructuring Performed)
 13. Parameter Settings for User Entity Instance: Top-level Entity: |top_level
 14. Parameter Settings for User Entity Instance: debounce:reset_edge
 15. Parameter Settings for User Entity Instance: sensor_driver:u0
 16. Parameter Settings for Inferred Entity Instance: sensor_driver:u0|lpm_mult:Mult0
 17. lpm_mult Parameter Settings by Entity Instance
 18. Post-Synthesis Netlist Statistics for Top Partition
 19. Elapsed Time Per Partition
 20. Analysis & Synthesis Messages



----------------
; Legal Notice ;
----------------
Copyright (C) 2018  Intel Corporation. All rights reserved.
Your use of Intel Corporation's design tools, logic functions 
and other software and tools, and its AMPP partner logic 
functions, and any output files from any of the foregoing 
(including device programming or simulation files), and any 
associated documentation or information are expressly subject 
to the terms and conditions of the Intel Program License 
Subscription Agreement, the Intel Quartus Prime License Agreement,
the Intel FPGA IP License Agreement, or other applicable license
agreement, including, without limitation, that your use is for
the sole purpose of programming logic devices manufactured by
Intel and sold by Intel or its authorized distributors.  Please
refer to the applicable agreement for further details.



+----------------------------------------------------------------------------------+
; Analysis & Synthesis Summary                                                     ;
+------------------------------------+---------------------------------------------+
; Analysis & Synthesis Status        ; Successful - Sat Oct 28 15:29:43 2023       ;
; Quartus Prime Version              ; 18.1.0 Build 625 09/12/2018 SJ Lite Edition ;
; Revision Name                      ; proximity_sensor                            ;
; Top-level Entity Name              ; top_level                                   ;
; Family                             ; Cyclone IV E                                ;
; Total logic elements               ; 151                                         ;
;     Total combinational functions  ; 149                                         ;
;     Dedicated logic registers      ; 114                                         ;
; Total registers                    ; 114                                         ;
; Total pins                         ; 49                                          ;
; Total virtual pins                 ; 0                                           ;
; Total memory bits                  ; 0                                           ;
; Embedded Multiplier 9-bit elements ; 4                                           ;
; Total PLLs                         ; 0                                           ;
+------------------------------------+---------------------------------------------+


+------------------------------------------------------------------------------------------------------------+
; Analysis & Synthesis Settings                                                                              ;
+------------------------------------------------------------------+--------------------+--------------------+
; Option                                                           ; Setting            ; Default Value      ;
+------------------------------------------------------------------+--------------------+--------------------+
; Device                                                           ; EP4CE115F29C7      ;                    ;
; Top-level entity name                                            ; top_level          ; proximity_sensor   ;
; Family name                                                      ; Cyclone IV E       ; Cyclone V          ;
; Use smart compilation                                            ; Off                ; Off                ;
; Enable parallel Assembler and Timing Analyzer during compilation ; On                 ; On                 ;
; Enable compact report table                                      ; Off                ; Off                ;
; Restructure Multiplexers                                         ; Auto               ; Auto               ;
; Create Debugging Nodes for IP Cores                              ; Off                ; Off                ;
; Preserve fewer node names                                        ; On                 ; On                 ;
; Intel FPGA IP Evaluation Mode                                    ; Enable             ; Enable             ;
; Verilog Version                                                  ; Verilog_2001       ; Verilog_2001       ;
; VHDL Version                                                     ; VHDL_1993          ; VHDL_1993          ;
; State Machine Processing                                         ; Auto               ; Auto               ;
; Safe State Machine                                               ; Off                ; Off                ;
; Extract Verilog State Machines                                   ; On                 ; On                 ;
; Extract VHDL State Machines                                      ; On                 ; On                 ;
; Ignore Verilog initial constructs                                ; Off                ; Off                ;
; Iteration limit for constant Verilog loops                       ; 5000               ; 5000               ;
; Iteration limit for non-constant Verilog loops                   ; 250                ; 250                ;
; Add Pass-Through Logic to Inferred RAMs                          ; On                 ; On                 ;
; Infer RAMs from Raw Logic                                        ; On                 ; On                 ;
; Parallel Synthesis                                               ; On                 ; On                 ;
; DSP Block Balancing                                              ; Auto               ; Auto               ;
; NOT Gate Push-Back                                               ; On                 ; On                 ;
; Power-Up Don't Care                                              ; On                 ; On                 ;
; Remove Redundant Logic Cells                                     ; Off                ; Off                ;
; Remove Duplicate Registers                                       ; On                 ; On                 ;
; Ignore CARRY Buffers                                             ; Off                ; Off                ;
; Ignore CASCADE Buffers                                           ; Off                ; Off                ;
; Ignore GLOBAL Buffers                                            ; Off                ; Off                ;
; Ignore ROW GLOBAL Buffers                                        ; Off                ; Off                ;
; Ignore LCELL Buffers                                             ; Off                ; Off                ;
; Ignore SOFT Buffers                                              ; On                 ; On                 ;
; Limit AHDL Integers to 32 Bits                                   ; Off                ; Off                ;
; Optimization Technique                                           ; Balanced           ; Balanced           ;
; Carry Chain Length                                               ; 70                 ; 70                 ;
; Auto Carry Chains                                                ; On                 ; On                 ;
; Auto Open-Drain Pins                                             ; On                 ; On                 ;
; Perform WYSIWYG Primitive Resynthesis                            ; Off                ; Off                ;
; Auto ROM Replacement                                             ; On                 ; On                 ;
; Auto RAM Replacement                                             ; On                 ; On                 ;
; Auto DSP Block Replacement                                       ; On                 ; On                 ;
; Auto Shift Register Replacement                                  ; Auto               ; Auto               ;
; Allow Shift Register Merging across Hierarchies                  ; Auto               ; Auto               ;
; Auto Clock Enable Replacement                                    ; On                 ; On                 ;
; Strict RAM Replacement                                           ; Off                ; Off                ;
; Allow Synchronous Control Signals                                ; On                 ; On                 ;
; Force Use of Synchronous Clear Signals                           ; Off                ; Off                ;
; Auto RAM Block Balancing                                         ; On                 ; On                 ;
; Auto RAM to Logic Cell Conversion                                ; Off                ; Off                ;
; Auto Resource Sharing                                            ; Off                ; Off                ;
; Allow Any RAM Size For Recognition                               ; Off                ; Off                ;
; Allow Any ROM Size For Recognition                               ; Off                ; Off                ;
; Allow Any Shift Register Size For Recognition                    ; Off                ; Off                ;
; Use LogicLock Constraints during Resource Balancing              ; On                 ; On                 ;
; Ignore translate_off and synthesis_off directives                ; Off                ; Off                ;
; Timing-Driven Synthesis                                          ; On                 ; On                 ;
; Report Parameter Settings                                        ; On                 ; On                 ;
; Report Source Assignments                                        ; On                 ; On                 ;
; Report Connectivity Checks                                       ; On                 ; On                 ;
; Ignore Maximum Fan-Out Assignments                               ; Off                ; Off                ;
; Synchronization Register Chain Length                            ; 2                  ; 2                  ;
; Power Optimization During Synthesis                              ; Normal compilation ; Normal compilation ;
; HDL message level                                                ; Level2             ; Level2             ;
; Suppress Register Optimization Related Messages                  ; Off                ; Off                ;
; Number of Removed Registers Reported in Synthesis Report         ; 5000               ; 5000               ;
; Number of Swept Nodes Reported in Synthesis Report               ; 5000               ; 5000               ;
; Number of Inverted Registers Reported in Synthesis Report        ; 100                ; 100                ;
; Clock MUX Protection                                             ; On                 ; On                 ;
; Auto Gated Clock Conversion                                      ; Off                ; Off                ;
; Block Design Naming                                              ; Auto               ; Auto               ;
; SDC constraint protection                                        ; Off                ; Off                ;
; Synthesis Effort                                                 ; Auto               ; Auto               ;
; Shift Register Replacement - Allow Asynchronous Clear Signal     ; On                 ; On                 ;
; Pre-Mapping Resynthesis Optimization                             ; Off                ; Off                ;
; Analysis & Synthesis Message Level                               ; Medium             ; Medium             ;
; Disable Register Merging Across Hierarchies                      ; Auto               ; Auto               ;
; Resource Aware Inference For Block RAM                           ; On                 ; On                 ;
+------------------------------------------------------------------+--------------------+--------------------+


+------------------------------------------+
; Parallel Compilation                     ;
+----------------------------+-------------+
; Processors                 ; Number      ;
+----------------------------+-------------+
; Number detected on machine ; 12          ;
; Maximum allowed            ; 6           ;
;                            ;             ;
; Average used               ; 1.00        ;
; Maximum used               ; 6           ;
;                            ;             ;
; Usage by Processor         ; % Time Used ;
;     Processor 1            ; 100.0%      ;
;     Processors 2-6         ;   0.0%      ;
+----------------------------+-------------+


+--------------------------------------------------------------------------------------------------------------------------------------------------------------------------+
; Analysis & Synthesis Source Files Read                                                                                                                                   ;
+----------------------------------+-----------------+------------------------------+----------------------------------------------------------------------------+---------+
; File Name with User-Entered Path ; Used in Netlist ; File Type                    ; File Name with Absolute Path                                               ; Library ;
+----------------------------------+-----------------+------------------------------+----------------------------------------------------------------------------+---------+
; top_level.sv                     ; yes             ; User SystemVerilog HDL File  ; C:/Users/Prithik/Documents/MTRX3700-Repo/proximity_sensor/top_level.sv     ;         ;
; sensor_driver.sv                 ; yes             ; User SystemVerilog HDL File  ; C:/Users/Prithik/Documents/MTRX3700-Repo/proximity_sensor/sensor_driver.sv ;         ;
; debounce.sv                      ; yes             ; User SystemVerilog HDL File  ; C:/Users/Prithik/Documents/MTRX3700-Repo/proximity_sensor/debounce.sv      ;         ;
; lpm_mult.tdf                     ; yes             ; Megafunction                 ; c:/intelfpga_lite/18.1/quartus/libraries/megafunctions/lpm_mult.tdf        ;         ;
; aglobal181.inc                   ; yes             ; Megafunction                 ; c:/intelfpga_lite/18.1/quartus/libraries/megafunctions/aglobal181.inc      ;         ;
; lpm_add_sub.inc                  ; yes             ; Megafunction                 ; c:/intelfpga_lite/18.1/quartus/libraries/megafunctions/lpm_add_sub.inc     ;         ;
; multcore.inc                     ; yes             ; Megafunction                 ; c:/intelfpga_lite/18.1/quartus/libraries/megafunctions/multcore.inc        ;         ;
; bypassff.inc                     ; yes             ; Megafunction                 ; c:/intelfpga_lite/18.1/quartus/libraries/megafunctions/bypassff.inc        ;         ;
; altshift.inc                     ; yes             ; Megafunction                 ; c:/intelfpga_lite/18.1/quartus/libraries/megafunctions/altshift.inc        ;         ;
; db/mult_ngt.tdf                  ; yes             ; Auto-Generated Megafunction  ; C:/Users/Prithik/Documents/MTRX3700-Repo/proximity_sensor/db/mult_ngt.tdf  ;         ;
+----------------------------------+-----------------+------------------------------+----------------------------------------------------------------------------+---------+


+--------------------------------------------------------------+
; Analysis & Synthesis Resource Usage Summary                  ;
+---------------------------------------------+----------------+
; Resource                                    ; Usage          ;
+---------------------------------------------+----------------+
; Estimated Total logic elements              ; 151            ;
;                                             ;                ;
; Total combinational functions               ; 149            ;
; Logic element usage by number of LUT inputs ;                ;
;     -- 4 input functions                    ; 28             ;
;     -- 3 input functions                    ; 21             ;
;     -- <=2 input functions                  ; 100            ;
;                                             ;                ;
; Logic elements by mode                      ;                ;
;     -- normal mode                          ; 44             ;
;     -- arithmetic mode                      ; 105            ;
;                                             ;                ;
; Total registers                             ; 114            ;
;     -- Dedicated logic registers            ; 114            ;
;     -- I/O registers                        ; 0              ;
;                                             ;                ;
; I/O pins                                    ; 49             ;
;                                             ;                ;
; Embedded Multiplier 9-bit elements          ; 4              ;
;                                             ;                ;
; Maximum fan-out node                        ; CLOCK_50~input ;
; Maximum fan-out                             ; 114            ;
; Total fan-out                               ; 856            ;
; Average fan-out                             ; 2.13           ;
+---------------------------------------------+----------------+


+-------------------------------------------------------------------------------------------------------------------------------------------------------------------------------------------------------------------------------------------------------------------+
; Analysis & Synthesis Resource Utilization by Entity                                                                                                                                                                                                               ;
+------------------------------------+---------------------+---------------------------+-------------+--------------+---------+-----------+------+--------------+--------------------------------------------------------------------+---------------+--------------+
; Compilation Hierarchy Node         ; Combinational ALUTs ; Dedicated Logic Registers ; Memory Bits ; DSP Elements ; DSP 9x9 ; DSP 18x18 ; Pins ; Virtual Pins ; Full Hierarchy Name                                                ; Entity Name   ; Library Name ;
+------------------------------------+---------------------+---------------------------+-------------+--------------+---------+-----------+------+--------------+--------------------------------------------------------------------+---------------+--------------+
; |top_level                         ; 149 (45)            ; 114 (34)                  ; 0           ; 4            ; 0       ; 2         ; 49   ; 0            ; |top_level                                                         ; top_level     ; work         ;
;    |debounce:reset_edge|           ; 47 (47)             ; 35 (35)                   ; 0           ; 0            ; 0       ; 0         ; 0    ; 0            ; |top_level|debounce:reset_edge                                     ; debounce      ; work         ;
;    |sensor_driver:u0|              ; 57 (57)             ; 45 (45)                   ; 0           ; 4            ; 0       ; 2         ; 0    ; 0            ; |top_level|sensor_driver:u0                                        ; sensor_driver ; work         ;
;       |lpm_mult:Mult0|             ; 0 (0)               ; 0 (0)                     ; 0           ; 4            ; 0       ; 2         ; 0    ; 0            ; |top_level|sensor_driver:u0|lpm_mult:Mult0                         ; lpm_mult      ; work         ;
;          |mult_ngt:auto_generated| ; 0 (0)               ; 0 (0)                     ; 0           ; 4            ; 0       ; 2         ; 0    ; 0            ; |top_level|sensor_driver:u0|lpm_mult:Mult0|mult_ngt:auto_generated ; mult_ngt      ; work         ;
+------------------------------------+---------------------+---------------------------+-------------+--------------+---------+-----------+------+--------------+--------------------------------------------------------------------+---------------+--------------+
Note: For table entries with two numbers listed, the numbers in parentheses indicate the number of resources of the given type used by the specific entity alone. The numbers listed outside of parentheses indicate the total resources of the given type used by the specific entity and all of its sub-entities in the hierarchy.


+-----------------------------------------------------+
; Analysis & Synthesis DSP Block Usage Summary        ;
+---------------------------------------+-------------+
; Statistic                             ; Number Used ;
+---------------------------------------+-------------+
; Simple Multipliers (9-bit)            ; 0           ;
; Simple Multipliers (18-bit)           ; 2           ;
; Embedded Multiplier Blocks            ; --          ;
; Embedded Multiplier 9-bit elements    ; 4           ;
; Signed Embedded Multipliers           ; 0           ;
; Unsigned Embedded Multipliers         ; 2           ;
; Mixed Sign Embedded Multipliers       ; 0           ;
; Variable Sign Embedded Multipliers    ; 0           ;
; Dedicated Input Shift Register Chains ; 0           ;
+---------------------------------------+-------------+
Note: number of Embedded Multiplier Blocks used is only available after a successful fit.


Encoding Type:  One-Hot
+-------------------------------------------------------------------------------------------------------------+
; State Machine - |top_level|sensor_driver:u0|state                                                           ;
+------------------------+------------------------+-----------------+------------+---------------+------------+
; Name                   ; state.DISPLAY_DISTANCE ; state.COUNTECHO ; state.WAIT ; state.TRIGGER ; state.IDLE ;
+------------------------+------------------------+-----------------+------------+---------------+------------+
; state.IDLE             ; 0                      ; 0               ; 0          ; 0             ; 0          ;
; state.TRIGGER          ; 0                      ; 0               ; 0          ; 1             ; 1          ;
; state.WAIT             ; 0                      ; 0               ; 1          ; 0             ; 1          ;
; state.COUNTECHO        ; 0                      ; 1               ; 0          ; 0             ; 1          ;
; state.DISPLAY_DISTANCE ; 1                      ; 0               ; 0          ; 0             ; 1          ;
+------------------------+------------------------+-----------------+------------+---------------+------------+


+------------------------------------------------------------+
; Registers Removed During Synthesis                         ;
+---------------------------------------+--------------------+
; Register name                         ; Reason for Removal ;
+---------------------------------------+--------------------+
; sensor_driver:u0|state~4              ; Lost fanout        ;
; sensor_driver:u0|state~5              ; Lost fanout        ;
; sensor_driver:u0|state~6              ; Lost fanout        ;
; Total Number of Removed Registers = 3 ;                    ;
+---------------------------------------+--------------------+


+------------------------------------------------------+
; General Register Statistics                          ;
+----------------------------------------------+-------+
; Statistic                                    ; Value ;
+----------------------------------------------+-------+
; Total registers                              ; 114   ;
; Number of registers using Synchronous Clear  ; 96    ;
; Number of registers using Synchronous Load   ; 0     ;
; Number of registers using Asynchronous Clear ; 5     ;
; Number of registers using Asynchronous Load  ; 0     ;
; Number of registers using Clock Enable       ; 40    ;
; Number of registers using Preset             ; 0     ;
+----------------------------------------------+-------+


+-------------------------------------------------------------------------------------------------------------------------------------------------------+
; Multiplexer Restructuring Statistics (Restructuring Performed)                                                                                        ;
+--------------------+-----------+---------------+----------------------+------------------------+------------+-----------------------------------------+
; Multiplexer Inputs ; Bus Width ; Baseline Area ; Area if Restructured ; Saving if Restructured ; Registered ; Example Multiplexer Output              ;
+--------------------+-----------+---------------+----------------------+------------------------+------------+-----------------------------------------+
; 3:1                ; 32 bits   ; 64 LEs        ; 32 LEs               ; 32 LEs                 ; Yes        ; |top_level|debounce:reset_edge|count[9] ;
; 4:1                ; 32 bits   ; 64 LEs        ; 32 LEs               ; 32 LEs                 ; Yes        ; |top_level|counter[26]                  ;
+--------------------+-----------+---------------+----------------------+------------------------+------------+-----------------------------------------+


+---------------------------------------------------------------------------+
; Parameter Settings for User Entity Instance: Top-level Entity: |top_level ;
+----------------+----------+-----------------------------------------------+
; Parameter Name ; Value    ; Type                                          ;
+----------------+----------+-----------------------------------------------+
; COUNT_MAX      ; 25000000 ; Signed Integer                                ;
+----------------+----------+-----------------------------------------------+
Note: In order to hide this table in the UI and the text report file, please set the "Show Parameter Settings in Synthesis Report" option in "Analysis and Synthesis Settings -> More Settings" to "Off".


+------------------------------------------------------------------+
; Parameter Settings for User Entity Instance: debounce:reset_edge ;
+----------------+-------+-----------------------------------------+
; Parameter Name ; Value ; Type                                    ;
+----------------+-------+-----------------------------------------+
; delay_val      ; 2500  ; Signed Integer                          ;
+----------------+-------+-----------------------------------------+
Note: In order to hide this table in the UI and the text report file, please set the "Show Parameter Settings in Synthesis Report" option in "Analysis and Synthesis Settings -> More Settings" to "Off".


+---------------------------------------------------------------+
; Parameter Settings for User Entity Instance: sensor_driver:u0 ;
+----------------+------------+---------------------------------+
; Parameter Name ; Value      ; Type                            ;
+----------------+------------+---------------------------------+
; ten_us         ; 0111110100 ; Unsigned Binary                 ;
+----------------+------------+---------------------------------+
Note: In order to hide this table in the UI and the text report file, please set the "Show Parameter Settings in Synthesis Report" option in "Analysis and Synthesis Settings -> More Settings" to "Off".


+-------------------------------------------------------------------------------------+
; Parameter Settings for Inferred Entity Instance: sensor_driver:u0|lpm_mult:Mult0    ;
+------------------------------------------------+--------------+---------------------+
; Parameter Name                                 ; Value        ; Type                ;
+------------------------------------------------+--------------+---------------------+
; AUTO_CARRY_CHAINS                              ; ON           ; AUTO_CARRY          ;
; IGNORE_CARRY_BUFFERS                           ; OFF          ; IGNORE_CARRY        ;
; AUTO_CASCADE_CHAINS                            ; ON           ; AUTO_CASCADE        ;
; IGNORE_CASCADE_BUFFERS                         ; OFF          ; IGNORE_CASCADE      ;
; LPM_WIDTHA                                     ; 22           ; Untyped             ;
; LPM_WIDTHB                                     ; 13           ; Untyped             ;
; LPM_WIDTHP                                     ; 35           ; Untyped             ;
; LPM_WIDTHR                                     ; 35           ; Untyped             ;
; LPM_WIDTHS                                     ; 1            ; Untyped             ;
; LPM_REPRESENTATION                             ; UNSIGNED     ; Untyped             ;
; LPM_PIPELINE                                   ; 0            ; Untyped             ;
; LATENCY                                        ; 0            ; Untyped             ;
; INPUT_A_IS_CONSTANT                            ; NO           ; Untyped             ;
; INPUT_B_IS_CONSTANT                            ; YES          ; Untyped             ;
; USE_EAB                                        ; OFF          ; Untyped             ;
; MAXIMIZE_SPEED                                 ; 5            ; Untyped             ;
; DEVICE_FAMILY                                  ; Cyclone IV E ; Untyped             ;
; CARRY_CHAIN                                    ; MANUAL       ; Untyped             ;
; APEX20K_TECHNOLOGY_MAPPER                      ; LUT          ; TECH_MAPPER_APEX20K ;
; DEDICATED_MULTIPLIER_CIRCUITRY                 ; AUTO         ; Untyped             ;
; DEDICATED_MULTIPLIER_MIN_INPUT_WIDTH_FOR_AUTO  ; 0            ; Untyped             ;
; DEDICATED_MULTIPLIER_MIN_OUTPUT_WIDTH_FOR_AUTO ; 0            ; Untyped             ;
; CBXI_PARAMETER                                 ; mult_ngt     ; Untyped             ;
; INPUT_A_FIXED_VALUE                            ; Bx           ; Untyped             ;
; INPUT_B_FIXED_VALUE                            ; Bx           ; Untyped             ;
; USE_AHDL_IMPLEMENTATION                        ; OFF          ; Untyped             ;
+------------------------------------------------+--------------+---------------------+
Note: In order to hide this table in the UI and the text report file, please set the "Show Parameter Settings in Synthesis Report" option in "Analysis and Synthesis Settings -> More Settings" to "Off".


+-------------------------------------------------------------------------+
; lpm_mult Parameter Settings by Entity Instance                          ;
+---------------------------------------+---------------------------------+
; Name                                  ; Value                           ;
+---------------------------------------+---------------------------------+
; Number of entity instances            ; 1                               ;
; Entity Instance                       ; sensor_driver:u0|lpm_mult:Mult0 ;
;     -- LPM_WIDTHA                     ; 22                              ;
;     -- LPM_WIDTHB                     ; 13                              ;
;     -- LPM_WIDTHP                     ; 35                              ;
;     -- LPM_REPRESENTATION             ; UNSIGNED                        ;
;     -- INPUT_A_IS_CONSTANT            ; NO                              ;
;     -- INPUT_B_IS_CONSTANT            ; YES                             ;
;     -- USE_EAB                        ; OFF                             ;
;     -- DEDICATED_MULTIPLIER_CIRCUITRY ; AUTO                            ;
;     -- INPUT_A_FIXED_VALUE            ; Bx                              ;
;     -- INPUT_B_FIXED_VALUE            ; Bx                              ;
+---------------------------------------+---------------------------------+


+-----------------------------------------------------+
; Post-Synthesis Netlist Statistics for Top Partition ;
+-----------------------+-----------------------------+
; Type                  ; Count                       ;
+-----------------------+-----------------------------+
; boundary_port         ; 49                          ;
; cycloneiii_ff         ; 114                         ;
;     CLR               ; 5                           ;
;     ENA               ; 8                           ;
;     ENA SCLR          ; 32                          ;
;     SCLR              ; 64                          ;
;     plain             ; 5                           ;
; cycloneiii_io_obuf    ; 36                          ;
; cycloneiii_lcell_comb ; 149                         ;
;     arith             ; 105                         ;
;         2 data inputs ; 90                          ;
;         3 data inputs ; 15                          ;
;     normal            ; 44                          ;
;         1 data inputs ; 6                           ;
;         2 data inputs ; 4                           ;
;         3 data inputs ; 6                           ;
;         4 data inputs ; 28                          ;
; cycloneiii_mac_mult   ; 2                           ;
; cycloneiii_mac_out    ; 2                           ;
;                       ;                             ;
; Max LUT depth         ; 4.10                        ;
; Average LUT depth     ; 2.47                        ;
+-----------------------+-----------------------------+


+-------------------------------+
; Elapsed Time Per Partition    ;
+----------------+--------------+
; Partition Name ; Elapsed Time ;
+----------------+--------------+
; Top            ; 00:00:00     ;
+----------------+--------------+


+-------------------------------+
; Analysis & Synthesis Messages ;
+-------------------------------+
Info: *******************************************************************
Info: Running Quartus Prime Analysis & Synthesis
    Info: Version 18.1.0 Build 625 09/12/2018 SJ Lite Edition
    Info: Processing started: Sat Oct 28 15:29:33 2023
Info: Command: quartus_map --read_settings_files=on --write_settings_files=off proximity_sensor -c proximity_sensor
Warning (18236): Number of processors has not been specified which may cause overloading on shared machines.  Set the global assignment NUM_PARALLEL_PROCESSORS in your QSF to an appropriate value for best performance.
Info (20030): Parallel compilation is enabled and will use 6 of the 6 processors detected
Info (12021): Found 1 design units, including 1 entities, in source file top_level.sv
    Info (12023): Found entity 1: top_level File: C:/Users/Prithik/Documents/MTRX3700-Repo/proximity_sensor/top_level.sv Line: 1
Info (12021): Found 1 design units, including 1 entities, in source file sensor_driver.sv
    Info (12023): Found entity 1: sensor_driver File: C:/Users/Prithik/Documents/MTRX3700-Repo/proximity_sensor/sensor_driver.sv Line: 1
Info (12021): Found 1 design units, including 1 entities, in source file debounce.sv
    Info (12023): Found entity 1: debounce File: C:/Users/Prithik/Documents/MTRX3700-Repo/proximity_sensor/debounce.sv Line: 1
Info (12127): Elaborating entity "top_level" for the top level hierarchy
Info (12128): Elaborating entity "debounce" for hierarchy "debounce:reset_edge" File: C:/Users/Prithik/Documents/MTRX3700-Repo/proximity_sensor/top_level.sv Line: 18
Info (12128): Elaborating entity "sensor_driver" for hierarchy "sensor_driver:u0" File: C:/Users/Prithik/Documents/MTRX3700-Repo/proximity_sensor/top_level.sv Line: 27
Info (278001): Inferred 1 megafunctions from design logic
    Info (278003): Inferred multiplier megafunction ("lpm_mult") from the following logic: "sensor_driver:u0|Mult0" File: C:/Users/Prithik/Documents/MTRX3700-Repo/proximity_sensor/sensor_driver.sv Line: 89
Info (12130): Elaborated megafunction instantiation "sensor_driver:u0|lpm_mult:Mult0" File: C:/Users/Prithik/Documents/MTRX3700-Repo/proximity_sensor/sensor_driver.sv Line: 89
Info (12133): Instantiated megafunction "sensor_driver:u0|lpm_mult:Mult0" with the following parameter: File: C:/Users/Prithik/Documents/MTRX3700-Repo/proximity_sensor/sensor_driver.sv Line: 89
    Info (12134): Parameter "LPM_WIDTHA" = "22"
    Info (12134): Parameter "LPM_WIDTHB" = "13"
    Info (12134): Parameter "LPM_WIDTHP" = "35"
    Info (12134): Parameter "LPM_WIDTHR" = "35"
    Info (12134): Parameter "LPM_WIDTHS" = "1"
    Info (12134): Parameter "LPM_REPRESENTATION" = "UNSIGNED"
    Info (12134): Parameter "INPUT_A_IS_CONSTANT" = "NO"
    Info (12134): Parameter "INPUT_B_IS_CONSTANT" = "YES"
    Info (12134): Parameter "MAXIMIZE_SPEED" = "5"
Info (12021): Found 1 design units, including 1 entities, in source file db/mult_ngt.tdf
    Info (12023): Found entity 1: mult_ngt File: C:/Users/Prithik/Documents/MTRX3700-Repo/proximity_sensor/db/mult_ngt.tdf Line: 30
Info (13014): Ignored 27 buffer(s)
    Info (13019): Ignored 27 SOFT buffer(s)
Warning (13034): The following nodes have both tri-state and non-tri-state drivers
    Warning (13035): Inserted always-enabled tri-state buffer between "GPIO[34]" and its non-tri-state driver. File: C:/Users/Prithik/Documents/MTRX3700-Repo/proximity_sensor/top_level.sv Line: 3
Warning (13039): The following bidirectional pins have no drivers
    Warning (13040): bidirectional pin "GPIO[35]" has no driver File: C:/Users/Prithik/Documents/MTRX3700-Repo/proximity_sensor/top_level.sv Line: 3
    Warning (13040): bidirectional pin "GPIO[0]" has no driver File: C:/Users/Prithik/Documents/MTRX3700-Repo/proximity_sensor/top_level.sv Line: 3
    Warning (13040): bidirectional pin "GPIO[1]" has no driver File: C:/Users/Prithik/Documents/MTRX3700-Repo/proximity_sensor/top_level.sv Line: 3
    Warning (13040): bidirectional pin "GPIO[2]" has no driver File: C:/Users/Prithik/Documents/MTRX3700-Repo/proximity_sensor/top_level.sv Line: 3
    Warning (13040): bidirectional pin "GPIO[3]" has no driver File: C:/Users/Prithik/Documents/MTRX3700-Repo/proximity_sensor/top_level.sv Line: 3
    Warning (13040): bidirectional pin "GPIO[4]" has no driver File: C:/Users/Prithik/Documents/MTRX3700-Repo/proximity_sensor/top_level.sv Line: 3
    Warning (13040): bidirectional pin "GPIO[5]" has no driver File: C:/Users/Prithik/Documents/MTRX3700-Repo/proximity_sensor/top_level.sv Line: 3
    Warning (13040): bidirectional pin "GPIO[6]" has no driver File: C:/Users/Prithik/Documents/MTRX3700-Repo/proximity_sensor/top_level.sv Line: 3
    Warning (13040): bidirectional pin "GPIO[7]" has no driver File: C:/Users/Prithik/Documents/MTRX3700-Repo/proximity_sensor/top_level.sv Line: 3
    Warning (13040): bidirectional pin "GPIO[8]" has no driver File: C:/Users/Prithik/Documents/MTRX3700-Repo/proximity_sensor/top_level.sv Line: 3
    Warning (13040): bidirectional pin "GPIO[9]" has no driver File: C:/Users/Prithik/Documents/MTRX3700-Repo/proximity_sensor/top_level.sv Line: 3
    Warning (13040): bidirectional pin "GPIO[10]" has no driver File: C:/Users/Prithik/Documents/MTRX3700-Repo/proximity_sensor/top_level.sv Line: 3
    Warning (13040): bidirectional pin "GPIO[11]" has no driver File: C:/Users/Prithik/Documents/MTRX3700-Repo/proximity_sensor/top_level.sv Line: 3
    Warning (13040): bidirectional pin "GPIO[12]" has no driver File: C:/Users/Prithik/Documents/MTRX3700-Repo/proximity_sensor/top_level.sv Line: 3
    Warning (13040): bidirectional pin "GPIO[13]" has no driver File: C:/Users/Prithik/Documents/MTRX3700-Repo/proximity_sensor/top_level.sv Line: 3
    Warning (13040): bidirectional pin "GPIO[14]" has no driver File: C:/Users/Prithik/Documents/MTRX3700-Repo/proximity_sensor/top_level.sv Line: 3
    Warning (13040): bidirectional pin "GPIO[15]" has no driver File: C:/Users/Prithik/Documents/MTRX3700-Repo/proximity_sensor/top_level.sv Line: 3
    Warning (13040): bidirectional pin "GPIO[16]" has no driver File: C:/Users/Prithik/Documents/MTRX3700-Repo/proximity_sensor/top_level.sv Line: 3
    Warning (13040): bidirectional pin "GPIO[17]" has no driver File: C:/Users/Prithik/Documents/MTRX3700-Repo/proximity_sensor/top_level.sv Line: 3
    Warning (13040): bidirectional pin "GPIO[18]" has no driver File: C:/Users/Prithik/Documents/MTRX3700-Repo/proximity_sensor/top_level.sv Line: 3
    Warning (13040): bidirectional pin "GPIO[19]" has no driver File: C:/Users/Prithik/Documents/MTRX3700-Repo/proximity_sensor/top_level.sv Line: 3
    Warning (13040): bidirectional pin "GPIO[20]" has no driver File: C:/Users/Prithik/Documents/MTRX3700-Repo/proximity_sensor/top_level.sv Line: 3
    Warning (13040): bidirectional pin "GPIO[21]" has no driver File: C:/Users/Prithik/Documents/MTRX3700-Repo/proximity_sensor/top_level.sv Line: 3
    Warning (13040): bidirectional pin "GPIO[22]" has no driver File: C:/Users/Prithik/Documents/MTRX3700-Repo/proximity_sensor/top_level.sv Line: 3
    Warning (13040): bidirectional pin "GPIO[23]" has no driver File: C:/Users/Prithik/Documents/MTRX3700-Repo/proximity_sensor/top_level.sv Line: 3
    Warning (13040): bidirectional pin "GPIO[24]" has no driver File: C:/Users/Prithik/Documents/MTRX3700-Repo/proximity_sensor/top_level.sv Line: 3
    Warning (13040): bidirectional pin "GPIO[25]" has no driver File: C:/Users/Prithik/Documents/MTRX3700-Repo/proximity_sensor/top_level.sv Line: 3
    Warning (13040): bidirectional pin "GPIO[26]" has no driver File: C:/Users/Prithik/Documents/MTRX3700-Repo/proximity_sensor/top_level.sv Line: 3
    Warning (13040): bidirectional pin "GPIO[27]" has no driver File: C:/Users/Prithik/Documents/MTRX3700-Repo/proximity_sensor/top_level.sv Line: 3
    Warning (13040): bidirectional pin "GPIO[28]" has no driver File: C:/Users/Prithik/Documents/MTRX3700-Repo/proximity_sensor/top_level.sv Line: 3
    Warning (13040): bidirectional pin "GPIO[29]" has no driver File: C:/Users/Prithik/Documents/MTRX3700-Repo/proximity_sensor/top_level.sv Line: 3
    Warning (13040): bidirectional pin "GPIO[30]" has no driver File: C:/Users/Prithik/Documents/MTRX3700-Repo/proximity_sensor/top_level.sv Line: 3
    Warning (13040): bidirectional pin "GPIO[31]" has no driver File: C:/Users/Prithik/Documents/MTRX3700-Repo/proximity_sensor/top_level.sv Line: 3
    Warning (13040): bidirectional pin "GPIO[32]" has no driver File: C:/Users/Prithik/Documents/MTRX3700-Repo/proximity_sensor/top_level.sv Line: 3
    Warning (13040): bidirectional pin "GPIO[33]" has no driver File: C:/Users/Prithik/Documents/MTRX3700-Repo/proximity_sensor/top_level.sv Line: 3
Warning (13009): TRI or OPNDRN buffers permanently enabled
    Warning (13010): Node "GPIO[34]~synth" File: C:/Users/Prithik/Documents/MTRX3700-Repo/proximity_sensor/top_level.sv Line: 3
Info (286030): Timing-Driven Synthesis is running
Info (17049): 3 registers lost all their fanouts during netlist optimizations.
Info (16010): Generating hard_block partition "hard_block:auto_generated_inst"
    Info (16011): Adding 0 node(s), including 0 DDIO, 0 PLL, 0 transceiver and 0 LCELL
Warning (21074): Design contains 3 input pin(s) that do not drive logic
    Warning (15610): No output dependent on input pin "KEY[0]" File: C:/Users/Prithik/Documents/MTRX3700-Repo/proximity_sensor/top_level.sv Line: 4
    Warning (15610): No output dependent on input pin "KEY[1]" File: C:/Users/Prithik/Documents/MTRX3700-Repo/proximity_sensor/top_level.sv Line: 4
    Warning (15610): No output dependent on input pin "KEY[3]" File: C:/Users/Prithik/Documents/MTRX3700-Repo/proximity_sensor/top_level.sv Line: 4
Info (21057): Implemented 204 device resources after synthesis - the final resource count might be different
    Info (21058): Implemented 5 input pins
    Info (21059): Implemented 8 output pins
    Info (21060): Implemented 36 bidirectional pins
    Info (21061): Implemented 151 logic cells
    Info (21062): Implemented 4 DSP elements
Info: Quartus Prime Analysis & Synthesis was successful. 0 errors, 45 warnings
    Info: Peak virtual memory: 4794 megabytes
    Info: Processing ended: Sat Oct 28 15:29:43 2023
    Info: Elapsed time: 00:00:10
    Info: Total CPU time (on all processors): 00:00:21


